# JRE version: Java(TM) SE Runtime Environment (14.0.2+12) (build 14.0.2+12-46)
# Java VM: Java HotSpot(TM) 64-Bit Server VM (14.0.2+12-46, mixed mode, sharing, tiered, compressed oops, g1 gc, windows-amd64)
Heap:
 garbage-first heap   total 35840K, used 10080K [0x0000000080c00000, 0x0000000100000000)
  region size 1024K, 1 young (1024K), 1 survivors (1024K)
 Metaspace       used 10045K, capacity 12428K, committed 12544K, reserved 1060864K
  class space    used 1185K, capacity 1490K, committed 1536K, reserved 1048576K
GC Heap History (20 events):
Event: 0.558 GC heap after
{Heap after GC invocations=7 (full 0):
 garbage-first heap   total 10240K, used 4383K [0x0000000080c00000, 0x0000000100000000)
  region size 1024K, 1 young (1024K), 1 survivors (1024K)
 Metaspace       used 8932K, capacity 11619K, committed 11904K, reserved 1060864K
  class space    used 1076K, capacity 1373K, committed 1408K, reserved 1048576K
}
Event: 0.567 GC heap before
{Heap before GC invocations=7 (full 0):
 garbage-first heap   total 10240K, used 5407K [0x0000000080c00000, 0x0000000100000000)
  region size 1024K, 2 young (2048K), 1 survivors (1024K)
 Metaspace       used 8958K, capacity 11625K, committed 11904K, reserved 1060864K
  class space    used 1078K, capacity 1375K, committed 1408K, reserved 1048576K
}
Event: 0.570 GC heap after
{Heap after GC invocations=8 (full 0):
 garbage-first heap   total 10240K, used 4570K [0x0000000080c00000, 0x0000000100000000)
  region size 1024K, 1 young (1024K), 1 survivors (1024K)
 Metaspace       used 8958K, capacity 11625K, committed 11904K, reserved 1060864K
  class space    used 1078K, capacity 1375K, committed 1408K, reserved 1048576K
}
Event: 0.575 GC heap before
{Heap before GC invocations=8 (full 0):
 garbage-first heap   total 10240K, used 5594K [0x0000000080c00000, 0x0000000100000000)
  region size 1024K, 2 young (2048K), 1 survivors (1024K)
 Metaspace       used 8967K, capacity 11625K, committed 11904K, reserved 1060864K
  class space    used 1078K, capacity 1375K, committed 1408K, reserved 1048576K
}
Event: 0.576 GC heap after
{Heap after GC invocations=9 (full 0):
 garbage-first heap   total 14336K, used 4646K [0x0000000080c00000, 0x0000000100000000)
  region size 1024K, 1 young (1024K), 1 survivors (1024K)
 Metaspace       used 8967K, capacity 11625K, committed 11904K, reserved 1060864K
  class space    used 1078K, capacity 1375K, committed 1408K, reserved 1048576K
}
Event: 0.639 GC heap before
{Heap before GC invocations=10 (full 0):
 garbage-first heap   total 14336K, used 7718K [0x0000000080c00000, 0x0000000100000000)
  region size 1024K, 4 young (4096K), 1 survivors (1024K)
 Metaspace       used 9103K, capacity 11646K, committed 11904K, reserved 1060864K
  class space    used 1085K, capacity 1381K, committed 1408K, reserved 1048576K
}
Event: 0.641 GC heap after
{Heap after GC invocations=11 (full 0):
 garbage-first heap   total 14336K, used 5005K [0x0000000080c00000, 0x0000000100000000)
  region size 1024K, 1 young (1024K), 1 survivors (1024K)
 Metaspace       used 9103K, capacity 11646K, committed 11904K, reserved 1060864K
  class space    used 1085K, capacity 1381K, committed 1408K, reserved 1048576K
}
Event: 0.659 GC heap before
{Heap before GC invocations=11 (full 0):
 garbage-first heap   total 14336K, used 8077K [0x0000000080c00000, 0x0000000100000000)
  region size 1024K, 4 young (4096K), 1 survivors (1024K)
 Metaspace       used 9120K, capacity 11647K, committed 11904K, reserved 1060864K
  class space    used 1085K, capacity 1381K, committed 1408K, reserved 1048576K
}
Event: 0.661 GC heap after
{Heap after GC invocations=12 (full 0):
 garbage-first heap   total 14336K, used 5492K [0x0000000080c00000, 0x0000000100000000)
  region size 1024K, 1 young (1024K), 1 survivors (1024K)
 Metaspace       used 9120K, capacity 11647K, committed 11904K, reserved 1060864K
  class space    used 1085K, capacity 1381K, committed 1408K, reserved 1048576K
}
Event: 0.686 GC heap before
{Heap before GC invocations=12 (full 0):
 garbage-first heap   total 14336K, used 8564K [0x0000000080c00000, 0x0000000100000000)
  region size 1024K, 4 young (4096K), 1 survivors (1024K)
 Metaspace       used 9170K, capacity 11719K, committed 11904K, reserved 1060864K
  class space    used 1091K, capacity 1384K, committed 1408K, reserved 1048576K
}
Event: 0.689 GC heap after
{Heap after GC invocations=13 (full 0):
 garbage-first heap   total 14336K, used 5839K [0x0000000080c00000, 0x0000000100000000)
  region size 1024K, 1 young (1024K), 1 survivors (1024K)
 Metaspace       used 9170K, capacity 11719K, committed 11904K, reserved 1060864K
  class space    used 1091K, capacity 1384K, committed 1408K, reserved 1048576K
}
Event: 0.726 GC heap before
{Heap before GC invocations=13 (full 0):
 garbage-first heap   total 14336K, used 7887K [0x0000000080c00000, 0x0000000100000000)
  region size 1024K, 3 young (3072K), 1 survivors (1024K)
 Metaspace       used 9310K, capacity 11844K, committed 12032K, reserved 1060864K
  class space    used 1106K, capacity 1425K, committed 1536K, reserved 1048576K
}
Event: 0.728 GC heap after
{Heap after GC invocations=14 (full 0):
 garbage-first heap   total 19456K, used 6308K [0x0000000080c00000, 0x0000000100000000)
  region size 1024K, 1 young (1024K), 1 survivors (1024K)
 Metaspace       used 9310K, capacity 11844K, committed 12032K, reserved 1060864K
  class space    used 1106K, capacity 1425K, committed 1536K, reserved 1048576K
}
Event: 0.775 GC heap before
{Heap before GC invocations=14 (full 0):
 garbage-first heap   total 19456K, used 12452K [0x0000000080c00000, 0x0000000100000000)
  region size 1024K, 7 young (7168K), 1 survivors (1024K)
 Metaspace       used 9371K, capacity 11909K, committed 12032K, reserved 1060864K
  class space    used 1107K, capacity 1425K, committed 1536K, reserved 1048576K
}
Event: 0.779 GC heap after
{Heap after GC invocations=15 (full 0):
 garbage-first heap   total 19456K, used 8083K [0x0000000080c00000, 0x0000000100000000)
  region size 1024K, 1 young (1024K), 1 survivors (1024K)
 Metaspace       used 9371K, capacity 11909K, committed 12032K, reserved 1060864K
  class space    used 1107K, capacity 1425K, committed 1536K, reserved 1048576K
}
Event: 0.840 GC heap before
{Heap before GC invocations=15 (full 0):
 garbage-first heap   total 19456K, used 11155K [0x0000000080c00000, 0x0000000100000000)
  region size 1024K, 5 young (5120K), 1 survivors (1024K)
 Metaspace       used 9445K, capacity 11933K, committed 12288K, reserved 1060864K
  class space    used 1115K, capacity 1433K, committed 1536K, reserved 1048576K
}
Event: 0.844 GC heap after
{Heap after GC invocations=16 (full 0):
 garbage-first heap   total 19456K, used 8974K [0x0000000080c00000, 0x0000000100000000)
  region size 1024K, 1 young (1024K), 1 survivors (1024K)
 Metaspace       used 9445K, capacity 11933K, committed 12288K, reserved 1060864K
  class space    used 1115K, capacity 1433K, committed 1536K, reserved 1048576K
}
Event: 1.103 GC heap before
{Heap before GC invocations=16 (full 0):
 garbage-first heap   total 19456K, used 13070K [0x0000000080c00000, 0x0000000100000000)
  region size 1024K, 5 young (5120K), 1 survivors (1024K)
 Metaspace       used 9927K, capacity 12277K, committed 12544K, reserved 1060864K
  class space    used 1174K, capacity 1482K, committed 1536K, reserved 1048576K
}
Event: 1.107 GC heap after
{Heap after GC invocations=17 (full 0):
 garbage-first heap   total 19456K, used 9722K [0x0000000080c00000, 0x0000000100000000)
  region size 1024K, 1 young (1024K), 1 survivors (1024K)
 Metaspace       used 9927K, capacity 12277K, committed 12544K, reserved 1060864K
  class space    used 1174K, capacity 1482K, committed 1536K, reserved 1048576K
}
Event: 1.143 GC heap before
{Heap before GC invocations=17 (full 0):
 garbage-first heap   total 19456K, used 10746K [0x0000000080c00000, 0x0000000100000000)
  region size 1024K, 3 young (3072K), 1 survivors (1024K)
 Metaspace       used 10045K, capacity 12428K, committed 12544K, reserved 1060864K
  class space    used 1185K, capacity 1490K, committed 1536K, reserved 1048576K
}

