# JRE version: Java(TM) SE Runtime Environment (14.0.2+12) (build 14.0.2+12-46)
# Java VM: Java HotSpot(TM) 64-Bit Server VM (14.0.2+12-46, mixed mode, sharing, tiered, compressed oops, g1 gc, windows-amd64)
Heap:
 garbage-first heap   total 10240K, used 2627K [0x0000000080c00000, 0x0000000100000000)
  region size 1024K, 1 young (1024K), 1 survivors (1024K)
 Metaspace       used 7893K, capacity 11017K, committed 11264K, reserved 1058816K
  class space    used 950K, capacity 1256K, committed 1280K, reserved 1048576K
GC Heap History (9 events):
Event: 0.247 GC heap before
{Heap before GC invocations=0 (full 0):
 garbage-first heap   total 8192K, used 3072K [0x0000000080c00000, 0x0000000100000000)
  region size 1024K, 3 young (3072K), 0 survivors (0K)
 Metaspace       used 2586K, capacity 6080K, committed 6400K, reserved 1056768K
  class space    used 301K, capacity 651K, committed 768K, reserved 1048576K
}
Event: 0.250 GC heap after
{Heap after GC invocations=1 (full 0):
 garbage-first heap   total 8192K, used 1167K [0x0000000080c00000, 0x0000000100000000)
  region size 1024K, 1 young (1024K), 1 survivors (1024K)
 Metaspace       used 2586K, capacity 6080K, committed 6400K, reserved 1056768K
  class space    used 301K, capacity 651K, committed 768K, reserved 1048576K
}
Event: 0.306 GC heap before
{Heap before GC invocations=1 (full 0):
 garbage-first heap   total 8192K, used 2191K [0x0000000080c00000, 0x0000000100000000)
  region size 1024K, 2 young (2048K), 1 survivors (1024K)
 Metaspace       used 3992K, capacity 7437K, committed 7552K, reserved 1056768K
  class space    used 517K, capacity 848K, committed 896K, reserved 1048576K
}
Event: 0.308 GC heap after
{Heap after GC invocations=2 (full 0):
 garbage-first heap   total 8192K, used 1686K [0x0000000080c00000, 0x0000000100000000)
  region size 1024K, 1 young (1024K), 1 survivors (1024K)
 Metaspace       used 3992K, capacity 7437K, committed 7552K, reserved 1056768K
  class space    used 517K, capacity 848K, committed 896K, reserved 1048576K
}
Event: 0.388 GC heap before
{Heap before GC invocations=2 (full 0):
 garbage-first heap   total 8192K, used 2710K [0x0000000080c00000, 0x0000000100000000)
  region size 1024K, 2 young (2048K), 1 survivors (1024K)
 Metaspace       used 6044K, capacity 9472K, committed 9600K, reserved 1058816K
  class space    used 733K, capacity 1059K, committed 1152K, reserved 1048576K
}
Event: 0.389 GC heap after
{Heap after GC invocations=3 (full 0):
 garbage-first heap   total 8192K, used 2041K [0x0000000080c00000, 0x0000000100000000)
  region size 1024K, 1 young (1024K), 1 survivors (1024K)
 Metaspace       used 6044K, capacity 9472K, committed 9600K, reserved 1058816K
  class space    used 733K, capacity 1059K, committed 1152K, reserved 1048576K
}
Event: 0.438 GC heap before
{Heap before GC invocations=3 (full 0):
 garbage-first heap   total 8192K, used 3065K [0x0000000080c00000, 0x0000000100000000)
  region size 1024K, 2 young (2048K), 1 survivors (1024K)
 Metaspace       used 7140K, capacity 10431K, committed 10752K, reserved 1058816K
  class space    used 885K, capacity 1210K, committed 1280K, reserved 1048576K
}
Event: 0.439 GC heap after
{Heap after GC invocations=4 (full 0):
 garbage-first heap   total 8192K, used 2393K [0x0000000080c00000, 0x0000000100000000)
  region size 1024K, 1 young (1024K), 1 survivors (1024K)
 Metaspace       used 7140K, capacity 10431K, committed 10752K, reserved 1058816K
  class space    used 885K, capacity 1210K, committed 1280K, reserved 1048576K
}
Event: 0.485 GC heap before
{Heap before GC invocations=4 (full 0):
 garbage-first heap   total 8192K, used 3417K [0x0000000080c00000, 0x0000000100000000)
  region size 1024K, 2 young (2048K), 1 survivors (1024K)
 Metaspace       used 7893K, capacity 11017K, committed 11264K, reserved 1058816K
  class space    used 950K, capacity 1256K, committed 1280K, reserved 1048576K
}

