# JRE version: Java(TM) SE Runtime Environment (14.0.2+12) (build 14.0.2+12-46)
# Java VM: Java HotSpot(TM) 64-Bit Server VM (14.0.2+12-46, mixed mode, sharing, tiered, compressed oops, g1 gc, windows-amd64)
Heap:
 garbage-first heap   total 16384K, used 5474K [0x0000000080c00000, 0x0000000100000000)
  region size 1024K, 1 young (1024K), 1 survivors (1024K)
 Metaspace       used 9160K, capacity 11711K, committed 11904K, reserved 1060864K
  class space    used 1085K, capacity 1381K, committed 1408K, reserved 1048576K
GC Heap History (20 events):
Event: 0.594 GC heap after
{Heap after GC invocations=4 (full 0):
 garbage-first heap   total 8192K, used 2370K [0x0000000080c00000, 0x0000000100000000)
  region size 1024K, 1 young (1024K), 1 survivors (1024K)
 Metaspace       used 7136K, capacity 10431K, committed 10752K, reserved 1058816K
  class space    used 885K, capacity 1210K, committed 1280K, reserved 1048576K
}
Event: 0.646 GC heap before
{Heap before GC invocations=4 (full 0):
 garbage-first heap   total 8192K, used 3394K [0x0000000080c00000, 0x0000000100000000)
  region size 1024K, 2 young (2048K), 1 survivors (1024K)
 Metaspace       used 7891K, capacity 11017K, committed 11264K, reserved 1058816K
  class space    used 950K, capacity 1256K, committed 1280K, reserved 1048576K
}
Event: 0.648 GC heap after
{Heap after GC invocations=5 (full 0):
 garbage-first heap   total 8192K, used 2630K [0x0000000080c00000, 0x0000000100000000)
  region size 1024K, 1 young (1024K), 1 survivors (1024K)
 Metaspace       used 7891K, capacity 11017K, committed 11264K, reserved 1058816K
  class space    used 950K, capacity 1256K, committed 1280K, reserved 1048576K
}
Event: 0.693 GC heap before
{Heap before GC invocations=5 (full 0):
 garbage-first heap   total 8192K, used 3654K [0x0000000080c00000, 0x0000000100000000)
  region size 1024K, 2 young (2048K), 1 survivors (1024K)
 Metaspace       used 8369K, capacity 11216K, committed 11392K, reserved 1058816K
  class space    used 1014K, capacity 1301K, committed 1408K, reserved 1048576K
}
Event: 0.695 GC heap after
{Heap after GC invocations=6 (full 0):
 garbage-first heap   total 10240K, used 3227K [0x0000000080c00000, 0x0000000100000000)
  region size 1024K, 1 young (1024K), 1 survivors (1024K)
 Metaspace       used 8369K, capacity 11216K, committed 11392K, reserved 1058816K
  class space    used 1014K, capacity 1301K, committed 1408K, reserved 1048576K
}
Event: 0.751 GC heap before
{Heap before GC invocations=6 (full 0):
 garbage-first heap   total 10240K, used 4251K [0x0000000080c00000, 0x0000000100000000)
  region size 1024K, 2 young (2048K), 1 survivors (1024K)
 Metaspace       used 8673K, capacity 11487K, committed 11648K, reserved 1058816K
  class space    used 1051K, capacity 1350K, committed 1408K, reserved 1048576K
}
Event: 0.753 GC heap after
{Heap after GC invocations=7 (full 0):
 garbage-first heap   total 10240K, used 3424K [0x0000000080c00000, 0x0000000100000000)
  region size 1024K, 1 young (1024K), 1 survivors (1024K)
 Metaspace       used 8673K, capacity 11487K, committed 11648K, reserved 1058816K
  class space    used 1051K, capacity 1350K, committed 1408K, reserved 1048576K
}
Event: 0.784 GC heap before
{Heap before GC invocations=7 (full 0):
 garbage-first heap   total 10240K, used 4448K [0x0000000080c00000, 0x0000000100000000)
  region size 1024K, 2 young (2048K), 1 survivors (1024K)
 Metaspace       used 8739K, capacity 11515K, committed 11648K, reserved 1058816K
  class space    used 1056K, capacity 1359K, committed 1408K, reserved 1048576K
}
Event: 0.786 GC heap after
{Heap after GC invocations=8 (full 0):
 garbage-first heap   total 10240K, used 3977K [0x0000000080c00000, 0x0000000100000000)
  region size 1024K, 1 young (1024K), 1 survivors (1024K)
 Metaspace       used 8739K, capacity 11515K, committed 11648K, reserved 1058816K
  class space    used 1056K, capacity 1359K, committed 1408K, reserved 1048576K
}
Event: 0.826 GC heap before
{Heap before GC invocations=8 (full 0):
 garbage-first heap   total 10240K, used 5001K [0x0000000080c00000, 0x0000000100000000)
  region size 1024K, 2 young (2048K), 1 survivors (1024K)
 Metaspace       used 8920K, capacity 11547K, committed 11648K, reserved 1058816K
  class space    used 1070K, capacity 1370K, committed 1408K, reserved 1048576K
}
Event: 0.828 GC heap after
{Heap after GC invocations=9 (full 0):
 garbage-first heap   total 10240K, used 4324K [0x0000000080c00000, 0x0000000100000000)
  region size 1024K, 1 young (1024K), 1 survivors (1024K)
 Metaspace       used 8920K, capacity 11547K, committed 11648K, reserved 1058816K
  class space    used 1070K, capacity 1370K, committed 1408K, reserved 1048576K
}
Event: 0.843 GC heap before
{Heap before GC invocations=9 (full 0):
 garbage-first heap   total 10240K, used 5348K [0x0000000080c00000, 0x0000000100000000)
  region size 1024K, 2 young (2048K), 1 survivors (1024K)
 Metaspace       used 8992K, capacity 11625K, committed 11904K, reserved 1060864K
  class space    used 1078K, capacity 1375K, committed 1408K, reserved 1048576K
}
Event: 0.844 GC heap after
{Heap after GC invocations=10 (full 0):
 garbage-first heap   total 12288K, used 4387K [0x0000000080c00000, 0x0000000100000000)
  region size 1024K, 1 young (1024K), 1 survivors (1024K)
 Metaspace       used 8992K, capacity 11625K, committed 11904K, reserved 1060864K
  class space    used 1078K, capacity 1375K, committed 1408K, reserved 1048576K
}
Event: 0.870 GC heap before
{Heap before GC invocations=10 (full 0):
 garbage-first heap   total 12288K, used 6435K [0x0000000080c00000, 0x0000000100000000)
  region size 1024K, 3 young (3072K), 1 survivors (1024K)
 Metaspace       used 9065K, capacity 11625K, committed 11904K, reserved 1060864K
  class space    used 1078K, capacity 1375K, committed 1408K, reserved 1048576K
}
Event: 0.872 GC heap after
{Heap after GC invocations=11 (full 0):
 garbage-first heap   total 12288K, used 4574K [0x0000000080c00000, 0x0000000100000000)
  region size 1024K, 1 young (1024K), 1 survivors (1024K)
 Metaspace       used 9065K, capacity 11625K, committed 11904K, reserved 1060864K
  class space    used 1078K, capacity 1375K, committed 1408K, reserved 1048576K
}
Event: 0.929 GC heap before
{Heap before GC invocations=11 (full 0):
 garbage-first heap   total 12288K, used 6622K [0x0000000080c00000, 0x0000000100000000)
  region size 1024K, 3 young (3072K), 1 survivors (1024K)
 Metaspace       used 9146K, capacity 11646K, committed 11904K, reserved 1060864K
  class space    used 1085K, capacity 1381K, committed 1408K, reserved 1048576K
}
Event: 0.931 GC heap after
{Heap after GC invocations=12 (full 0):
 garbage-first heap   total 12288K, used 4913K [0x0000000080c00000, 0x0000000100000000)
  region size 1024K, 1 young (1024K), 1 survivors (1024K)
 Metaspace       used 9146K, capacity 11646K, committed 11904K, reserved 1060864K
  class space    used 1085K, capacity 1381K, committed 1408K, reserved 1048576K
}
Event: 0.955 GC heap before
{Heap before GC invocations=12 (full 0):
 garbage-first heap   total 12288K, used 6961K [0x0000000080c00000, 0x0000000100000000)
  region size 1024K, 3 young (3072K), 1 survivors (1024K)
 Metaspace       used 9159K, capacity 11711K, committed 11904K, reserved 1060864K
  class space    used 1085K, capacity 1381K, committed 1408K, reserved 1048576K
}
Event: 0.957 GC heap after
{Heap after GC invocations=13 (full 0):
 garbage-first heap   total 12288K, used 5183K [0x0000000080c00000, 0x0000000100000000)
  region size 1024K, 1 young (1024K), 1 survivors (1024K)
 Metaspace       used 9159K, capacity 11711K, committed 11904K, reserved 1060864K
  class space    used 1085K, capacity 1381K, committed 1408K, reserved 1048576K
}
Event: 0.964 GC heap before
{Heap before GC invocations=13 (full 0):
 garbage-first heap   total 12288K, used 7231K [0x0000000080c00000, 0x0000000100000000)
  region size 1024K, 3 young (3072K), 1 survivors (1024K)
 Metaspace       used 9160K, capacity 11711K, committed 11904K, reserved 1060864K
  class space    used 1085K, capacity 1381K, committed 1408K, reserved 1048576K
}

